<?xml version="1.0" encoding="UTF-8"?>
<testsuite name="com.group.libraryapp.JUnitTest" tests="2" skipped="0" failures="0" errors="0" timestamp="2024-07-10T11:16:07" hostname="ihuimang-ui-MacBookAir.local" time="0.001">
  <properties/>
  <testcase name="test1()" classname="com.group.libraryapp.JUnitTest" time="0.001"/>
  <testcase name="test2()" classname="com.group.libraryapp.JUnitTest" time="0.0"/>
  <system-out><![CDATA[모든 테스트 시작 전
각 테스트 실행 전에 호출된다.
test1
각 테스트 실행 후에 호출된다.
각 테스트 실행 전에 호출된다.
test2
각 테스트 실행 후에 호출된다.
모든 테스트 종료 후
]]></system-out>
  <system-err><![CDATA[]]></system-err>
</testsuite>
